test bigint
x y z values: 0 1234 987654321
i j k values: 44 44 10
Total BigInt Object Count: 6
x y z values: 987654321098765432109876543210987654321098765432109876543210 987654321098765432109876543210987654321098765432109876543210 987654321
y values: -880
y values: 440
y values: 123456790137345679013734567901373456790137345679013734567901
x values: -123456790137345679013734567901373456790137345679013734567901
x values: -2805836139485129068493967452303942199775848765432130331088
y values: -78
y values: 54
y values: 98
y values: -34
x values: 927
x values: -839
k values: 10 11
x k values: 11 12
x k values: 9 8
x y z values: 987654321098765432109876543210 987654321098765432109876543210 987654321
test big complex number
x y z values: 0+0i 10+20i 2+4i
x y z values: 12+24i 10+20i 2+4i
x y z values: 22+44i 10+20i 2+4i
x y z values: 22+44i 12+24i 2+4i
x y z values: 22+44i 10+20i 4+2i
x y z values: 6+18i 10+20i 4+2i
x y z values: -4-2i 10+20i 4+2i
x y z values: -4-2i 10+20i -6-18i
x y z values: -4-2i 2+4i 10+20i
x y z values: -60+80i 2+4i 10+20i
x y z values: -60+80i -60+80i 10+20i
x y z values: -60+80i -60+80i -2200-400i
